<?xml version="1.0" encoding="UTF-8"?>
<!-- Generated by org.testng.reporters.JUnitXMLReporter -->
<testsuite ignored="0" hostname="DESKTOP-QU276DO" failures="0" tests="4" name="Test" time="95.987" errors="0" timestamp="2025-10-04T02:35:34 IST">
  <testcase classname="tests.SearchProduct" name="productMethod" time="1.22"/>
  <testcase classname="tests.EnterPin" name="enterPinMethod" time="17.401"/>
  <testcase classname="tests.ProceedToCheckout" name="proceedCheckout" time="21.044"/>
  <testcase classname="tests.EnterMobile" name="proceedForMobileNo" time="24.295"/>
</testsuite> <!-- Test -->
