<?xml version="1.0" encoding="UTF-8"?>
<!-- Generated by org.testng.reporters.JUnitXMLReporter -->
<testsuite ignored="0" hostname="DESKTOP-QU276DO" failures="0" tests="4" name="Test" time="95.385" errors="0" timestamp="2025-09-30T00:02:26 IST">
  <testcase classname="tests.SearchProduct" name="productMethod" time="1.298"/>
  <testcase classname="tests.EnterPin" name="enterPinMethod" time="17.064"/>
  <testcase classname="tests.ProceedToCheckout" name="proceedCheckout" time="20.901"/>
  <testcase classname="tests.EnterMobile" name="proceedForMobileNo" time="22.586"/>
</testsuite> <!-- Test -->
